2026-05-29 18:21:46 - start the process.
Namespace(model='deit_tiny', config='./configs/4bit/fim_unified.py', dataset='D:/AI/IaS-ViT-main/dataset/imagenet', optim_size=1024, val_batch_size=64, num_workers=0, device='cuda', reconstruct_mlp=True, load_reconstruct_checkpoint=None, test_reconstruct_checkpoint=False, calibrate=True, load_calibrate_checkpoint=None, test_calibrate_checkpoint=False, optimize=True, load_optimize_checkpoint=None, test_optimize_checkpoint=False, print_freq=10, seed=3407, w_bit=4, a_bit=4)
Successfully imported Config class!
optim_size: 1024
calib_size: 128
optim_batch_size: 32
calib_batch_size: 32
w_bit: 4
a_bit: 4
qconv_a_bit: 8
qhead_a_bit: 4
calib_metric: mse
matmul_head_channel_wise: True
token_channel_wise: True
eq_n: 128
search_round: 3
keep_gpu: True
optim_metric: fisher_dplr
temp: 20
recon_metric: fisher_diag
pct: 0.9999
k: 5
p1: 1.0
p2: 1.0
dis_mode: q
optim_mode: qdrop
drop_prob: 0.5
Building model ...
No checkpoint found at './checkpoints/vit_raw/deit_tiny_patch16_224.bin'
Loading pretrained weights from Hugging Face hub (timm/deit_tiny_patch16_224.fb_in1k)
HTTP Request: HEAD https://huggingface.co/timm/deit_tiny_patch16_224.fb_in1k/resolve/main/model.safetensors "HTTP/1.1 302 Found"
[timm/deit_tiny_patch16_224.fb_in1k] Safe alternative available for 'pytorch_model.bin' (as 'model.safetensors'). Loading weights using safetensors.
Building validation dataloader ...
Building MLP calibrator ...
2026-05-29 18:21:56 - Start Fisher-guided MLP reconstruction ...
MLPRecon: reconstructing blocks.0 ...
MLPRecon: initializing raw data ...
Computing raw_pred_softmaxs (shared Fisher base) ...
MLPRecon: computing diagonal Fisher ...
MLPRecon: blocks.0 ub = 8.0971
MLPRecon: finished blocks.0.
MLPRecon: reconstructing blocks.1 ...
MLPRecon: initializing raw data ...
MLPRecon: computing diagonal Fisher ...
MLPRecon: blocks.1 ub = 3.5106
MLPRecon: finished blocks.1.
MLPRecon: reconstructing blocks.2 ...
MLPRecon: initializing raw data ...
MLPRecon: computing diagonal Fisher ...
MLPRecon: blocks.2 ub = 2.5469
MLPRecon: finished blocks.2.
MLPRecon: reconstructing blocks.3 ...
MLPRecon: initializing raw data ...
MLPRecon: computing diagonal Fisher ...
MLPRecon: blocks.3 ub = 2.5796
MLPRecon: finished blocks.3.
MLPRecon: reconstructing blocks.4 ...
MLPRecon: initializing raw data ...
MLPRecon: computing diagonal Fisher ...
MLPRecon: blocks.4 ub = 3.0521
MLPRecon: finished blocks.4.
MLPRecon: reconstructing blocks.5 ...
MLPRecon: initializing raw data ...
MLPRecon: computing diagonal Fisher ...
MLPRecon: blocks.5 ub = 3.3784
MLPRecon: finished blocks.5.
MLPRecon: reconstructing blocks.6 ...
MLPRecon: initializing raw data ...
MLPRecon: computing diagonal Fisher ...
MLPRecon: blocks.6 ub = 3.9164
MLPRecon: finished blocks.6.
MLPRecon: reconstructing blocks.7 ...
MLPRecon: initializing raw data ...
MLPRecon: computing diagonal Fisher ...
MLPRecon: blocks.7 ub = 3.8313
MLPRecon: finished blocks.7.
MLPRecon: reconstructing blocks.8 ...
MLPRecon: initializing raw data ...
MLPRecon: computing diagonal Fisher ...
MLPRecon: blocks.8 ub = 5.2935
MLPRecon: finished blocks.8.
MLPRecon: reconstructing blocks.9 ...
MLPRecon: initializing raw data ...
MLPRecon: computing diagonal Fisher ...
MLPRecon: blocks.9 ub = 5.0842
MLPRecon: finished blocks.9.
MLPRecon: reconstructing blocks.10 ...
MLPRecon: initializing raw data ...
MLPRecon: computing diagonal Fisher ...
MLPRecon: blocks.10 ub = 3.9962
MLPRecon: finished blocks.10.
MLPRecon: reconstructing blocks.11 ...
MLPRecon: initializing raw data ...
MLPRecon: computing diagonal Fisher ...
MLPRecon: blocks.11 ub = 3.5388
MLPRecon: finished blocks.11.
2026-05-29 19:13:22 - Fisher-guided MLP reconstruction finished.
Saving checkpoint to ./checkpoints/quant_result/20260529_1821\deit_tiny_reconstructed.pth
Validating after MLP reconstruction ...
Test: [0/782]	Time 1.205 (1.205)	Loss 0.6751 (0.6751)	Prec@1 89.062 (89.062)	Prec@5 98.438 (98.438)
Test: [10/782]	Time 0.657 (0.787)	Loss 0.2502 (0.7549)	Prec@1 100.000 (84.659)	Prec@5 100.000 (97.159)
Test: [20/782]	Time 0.855 (0.743)	Loss 1.1165 (0.6870)	Prec@1 70.312 (86.310)	Prec@5 98.438 (97.321)
Test: [30/782]	Time 0.590 (0.724)	Loss 0.8206 (0.8624)	Prec@1 85.938 (82.208)	Prec@5 95.312 (95.665)
Test: [40/782]	Time 0.613 (0.699)	Loss 0.8437 (0.9372)	Prec@1 81.250 (80.183)	Prec@5 95.312 (94.741)
Test: [50/782]	Time 0.615 (0.691)	Loss 1.4120 (1.0242)	Prec@1 68.750 (77.788)	Prec@5 90.625 (93.995)
Test: [60/782]	Time 0.924 (0.692)	Loss 1.0738 (1.0472)	Prec@1 81.250 (76.665)	Prec@5 93.750 (93.776)
Test: [70/782]	Time 0.612 (0.682)	Loss 0.5506 (1.0109)	Prec@1 93.750 (78.059)	Prec@5 96.875 (93.882)
Test: [80/782]	Time 0.607 (0.673)	Loss 0.7522 (0.9650)	Prec@1 87.500 (79.302)	Prec@5 93.750 (94.155)
Test: [90/782]	Time 0.638 (0.667)	Loss 0.6337 (0.9684)	Prec@1 87.500 (79.619)	Prec@5 98.438 (93.973)
Test: [100/782]	Time 0.600 (0.669)	Loss 0.8178 (0.9889)	Prec@1 81.250 (79.038)	Prec@5 95.312 (93.781)
Test: [110/782]	Time 0.582 (0.664)	Loss 0.6879 (0.9531)	Prec@1 85.938 (80.011)	Prec@5 96.875 (94.130)
Test: [120/782]	Time 0.577 (0.661)	Loss 1.0694 (0.9406)	Prec@1 78.125 (80.294)	Prec@5 92.188 (94.305)
Test: [130/782]	Time 0.628 (0.658)	Loss 1.9318 (0.9653)	Prec@1 32.812 (79.425)	Prec@5 92.188 (94.215)
Test: [140/782]	Time 0.610 (0.658)	Loss 1.4356 (0.9846)	Prec@1 56.250 (78.890)	Prec@5 93.750 (94.116)
Test: [150/782]	Time 0.583 (0.656)	Loss 1.4263 (1.0091)	Prec@1 67.188 (78.146)	Prec@5 90.625 (93.988)
Test: [160/782]	Time 0.644 (0.653)	Loss 1.1973 (1.0186)	Prec@1 71.875 (77.582)	Prec@5 89.062 (94.012)
Test: [170/782]	Time 0.656 (0.653)	Loss 0.4977 (1.0121)	Prec@1 93.750 (77.869)	Prec@5 100.000 (94.088)
Test: [180/782]	Time 0.584 (0.651)	Loss 1.2438 (1.0225)	Prec@1 64.062 (77.512)	Prec@5 93.750 (93.966)
Test: [190/782]	Time 0.623 (0.650)	Loss 0.8179 (1.0271)	Prec@1 81.250 (77.184)	Prec@5 98.438 (94.094)
Test: [200/782]	Time 0.634 (0.648)	Loss 1.1385 (1.0220)	Prec@1 78.125 (77.285)	Prec@5 93.750 (94.154)
Test: [210/782]	Time 0.667 (0.649)	Loss 1.2594 (1.0215)	Prec@1 75.000 (77.177)	Prec@5 92.188 (94.209)
Test: [220/782]	Time 0.881 (0.652)	Loss 1.7687 (1.0304)	Prec@1 35.938 (76.895)	Prec@5 93.750 (94.167)
Test: [230/782]	Time 0.666 (0.653)	Loss 0.6436 (1.0224)	Prec@1 87.500 (77.165)	Prec@5 98.438 (94.244)
Test: [240/782]	Time 0.650 (0.654)	Loss 0.8019 (1.0217)	Prec@1 75.000 (77.191)	Prec@5 96.875 (94.275)
Test: [250/782]	Time 0.586 (0.655)	Loss 0.5078 (1.0249)	Prec@1 87.500 (77.042)	Prec@5 100.000 (94.229)
Test: [260/782]	Time 0.617 (0.656)	Loss 0.3031 (1.0105)	Prec@1 95.312 (77.496)	Prec@5 98.438 (94.355)
Test: [270/782]	Time 0.601 (0.654)	Loss 1.3470 (1.0103)	Prec@1 68.750 (77.537)	Prec@5 90.625 (94.309)
Test: [280/782]	Time 0.723 (0.653)	Loss 1.3758 (1.0090)	Prec@1 65.625 (77.491)	Prec@5 93.750 (94.378)
Test: [290/782]	Time 0.697 (0.653)	Loss 1.3105 (1.0079)	Prec@1 73.438 (77.636)	Prec@5 92.188 (94.362)
Test: [300/782]	Time 0.700 (0.656)	Loss 0.8349 (1.0128)	Prec@1 75.000 (77.471)	Prec@5 98.438 (94.337)
Test: [310/782]	Time 0.601 (0.657)	Loss 0.8334 (1.0123)	Prec@1 87.500 (77.482)	Prec@5 95.312 (94.288)
Test: [320/782]	Time 0.618 (0.656)	Loss 0.7897 (1.0175)	Prec@1 79.688 (77.298)	Prec@5 98.438 (94.183)
Test: [330/782]	Time 0.587 (0.656)	Loss 1.4869 (1.0366)	Prec@1 67.188 (76.879)	Prec@5 85.938 (93.906)
Test: [340/782]	Time 0.620 (0.655)	Loss 1.9985 (1.0474)	Prec@1 51.562 (76.691)	Prec@5 84.375 (93.768)
Test: [350/782]	Time 0.606 (0.654)	Loss 0.9093 (1.0609)	Prec@1 82.812 (76.340)	Prec@5 96.875 (93.643)
Test: [360/782]	Time 0.623 (0.654)	Loss 1.3989 (1.0718)	Prec@1 50.000 (76.043)	Prec@5 92.188 (93.495)
Test: [370/782]	Time 0.676 (0.655)	Loss 1.6507 (1.0873)	Prec@1 62.500 (75.724)	Prec@5 85.938 (93.278)
Test: [380/782]	Time 0.557 (0.654)	Loss 1.1349 (1.0989)	Prec@1 78.125 (75.390)	Prec@5 93.750 (93.131)
Test: [390/782]	Time 0.588 (0.653)	Loss 2.3319 (1.1180)	Prec@1 46.875 (74.972)	Prec@5 73.438 (92.899)
Test: [400/782]	Time 0.523 (0.652)	Loss 0.9088 (1.1329)	Prec@1 81.250 (74.610)	Prec@5 98.438 (92.725)
Test: [410/782]	Time 0.787 (0.652)	Loss 1.4207 (1.1425)	Prec@1 71.875 (74.335)	Prec@5 89.062 (92.617)
Test: [420/782]	Time 0.606 (0.652)	Loss 0.8186 (1.1477)	Prec@1 78.125 (74.221)	Prec@5 96.875 (92.562)
Test: [430/782]	Time 0.513 (0.651)	Loss 0.9634 (1.1548)	Prec@1 79.688 (74.036)	Prec@5 93.750 (92.434)
Test: [440/782]	Time 0.631 (0.652)	Loss 0.9551 (1.1574)	Prec@1 79.688 (74.036)	Prec@5 95.312 (92.343)
Test: [450/782]	Time 0.596 (0.652)	Loss 0.6377 (1.1548)	Prec@1 89.062 (74.137)	Prec@5 96.875 (92.357)
Test: [460/782]	Time 0.607 (0.653)	Loss 1.9826 (1.1653)	Prec@1 62.500 (73.929)	Prec@5 81.250 (92.232)
Test: [470/782]	Time 0.689 (0.654)	Loss 1.6580 (1.1764)	Prec@1 64.062 (73.676)	Prec@5 87.500 (92.085)
Test: [480/782]	Time 0.752 (0.654)	Loss 1.4417 (1.1736)	Prec@1 70.312 (73.808)	Prec@5 87.500 (92.093)
Test: [490/782]	Time 0.582 (0.653)	Loss 0.9433 (1.1858)	Prec@1 73.438 (73.460)	Prec@5 90.625 (91.914)
Test: [500/782]	Time 0.637 (0.653)	Loss 0.7274 (1.1961)	Prec@1 89.062 (73.210)	Prec@5 96.875 (91.782)
Test: [510/782]	Time 0.621 (0.653)	Loss 1.9757 (1.2036)	Prec@1 57.812 (73.061)	Prec@5 75.000 (91.628)
Test: [520/782]	Time 0.793 (0.653)	Loss 1.5211 (1.2124)	Prec@1 62.500 (72.727)	Prec@5 87.500 (91.573)
Test: [530/782]	Time 0.615 (0.652)	Loss 1.2293 (1.2176)	Prec@1 81.250 (72.625)	Prec@5 87.500 (91.493)
Test: [540/782]	Time 0.683 (0.652)	Loss 2.2437 (1.2226)	Prec@1 42.188 (72.479)	Prec@5 76.562 (91.416)
Test: [550/782]	Time 0.601 (0.651)	Loss 1.3327 (1.2261)	Prec@1 64.062 (72.405)	Prec@5 92.188 (91.385)
Test: [560/782]	Time 0.597 (0.652)	Loss 1.3693 (1.2332)	Prec@1 71.875 (72.273)	Prec@5 90.625 (91.316)
Test: [570/782]	Time 0.630 (0.652)	Loss 1.6256 (1.2361)	Prec@1 64.062 (72.236)	Prec@5 81.250 (91.241)
Test: [580/782]	Time 0.566 (0.651)	Loss 1.8845 (1.2441)	Prec@1 45.312 (72.066)	Prec@5 87.500 (91.104)
Test: [590/782]	Time 0.715 (0.651)	Loss 0.7164 (1.2477)	Prec@1 89.062 (71.946)	Prec@5 96.875 (91.064)
Test: [600/782]	Time 0.601 (0.650)	Loss 1.1541 (1.2526)	Prec@1 79.688 (71.896)	Prec@5 92.188 (90.984)
Test: [610/782]	Time 0.564 (0.651)	Loss 0.6461 (1.2565)	Prec@1 82.812 (71.826)	Prec@5 95.312 (90.906)
Test: [620/782]	Time 0.578 (0.650)	Loss 1.6762 (1.2628)	Prec@1 70.312 (71.706)	Prec@5 81.250 (90.778)
Test: [630/782]	Time 0.836 (0.650)	Loss 1.6665 (1.2643)	Prec@1 68.750 (71.736)	Prec@5 82.812 (90.749)
Test: [640/782]	Time 0.580 (0.651)	Loss 1.1403 (1.2703)	Prec@1 81.250 (71.558)	Prec@5 89.062 (90.666)
Test: [650/782]	Time 0.603 (0.650)	Loss 0.9585 (1.2736)	Prec@1 82.812 (71.486)	Prec@5 92.188 (90.615)
Test: [660/782]	Time 0.565 (0.650)	Loss 2.4466 (1.2861)	Prec@1 46.875 (71.178)	Prec@5 71.875 (90.448)
Test: [670/782]	Time 0.579 (0.649)	Loss 1.4375 (1.2885)	Prec@1 67.188 (71.128)	Prec@5 89.062 (90.420)
Test: [680/782]	Time 0.804 (0.649)	Loss 0.9730 (1.2922)	Prec@1 71.875 (71.017)	Prec@5 100.000 (90.379)
Test: [690/782]	Time 0.600 (0.649)	Loss 1.7718 (1.2931)	Prec@1 60.938 (70.966)	Prec@5 78.125 (90.372)
Test: [700/782]	Time 0.615 (0.649)	Loss 1.2266 (1.2972)	Prec@1 76.562 (70.874)	Prec@5 92.188 (90.295)
Test: [710/782]	Time 0.597 (0.649)	Loss 2.1837 (1.3055)	Prec@1 40.625 (70.647)	Prec@5 87.500 (90.201)
Test: [720/782]	Time 0.622 (0.648)	Loss 1.1778 (1.3040)	Prec@1 70.312 (70.696)	Prec@5 95.312 (90.231)
Test: [730/782]	Time 0.619 (0.648)	Loss 1.3748 (1.3032)	Prec@1 73.438 (70.725)	Prec@5 85.938 (90.257)
Test: [740/782]	Time 0.736 (0.648)	Loss 1.3159 (1.2984)	Prec@1 54.688 (70.808)	Prec@5 98.438 (90.338)
Test: [750/782]	Time 0.606 (0.647)	Loss 2.2622 (1.2933)	Prec@1 48.438 (70.957)	Prec@5 75.000 (90.384)
Test: [760/782]	Time 0.613 (0.647)	Loss 1.2639 (1.2977)	Prec@1 68.750 (70.842)	Prec@5 96.875 (90.344)
Test: [770/782]	Time 0.733 (0.647)	Loss 0.1532 (1.2947)	Prec@1 100.000 (70.927)	Prec@5 100.000 (90.376)
Test: [780/782]	Time 0.605 (0.647)	Loss 1.7843 (1.2884)	Prec@1 46.875 (71.061)	Prec@5 85.938 (90.439)
 * Prec@1 71.058 Prec@5 90.436 Loss 1.289 Time 505.763
Wraping quantization modules (reparam: True, recon: True) ...
2026-05-29 19:21:48 - start mse guided calibration
Calibrator: reusing shared raw_pred_softmaxs.
2026-05-29 19:43:08 - mse guided calibration finished.
Saving checkpoint to ./checkpoints/quant_result/20260529_1821\deit_tiny_w4_a4_calibsize_128_mse.pth
Validating after calibration ...
Test: [0/782]	Time 0.831 (0.831)	Loss 1.0707 (1.0707)	Prec@1 82.812 (82.812)	Prec@5 93.750 (93.750)
Test: [10/782]	Time 0.756 (0.817)	Loss 0.9966 (1.3895)	Prec@1 90.625 (73.722)	Prec@5 95.312 (91.051)
Test: [20/782]	Time 1.020 (0.819)	Loss 1.5219 (1.3306)	Prec@1 62.500 (75.000)	Prec@5 89.062 (91.592)
Test: [30/782]	Time 0.716 (0.815)	Loss 1.3685 (1.5132)	Prec@1 75.000 (69.808)	Prec@5 92.188 (89.365)
Test: [40/782]	Time 0.780 (0.804)	Loss 1.5505 (1.6129)	Prec@1 71.875 (67.607)	Prec@5 84.375 (88.034)
Test: [50/782]	Time 0.698 (0.798)	Loss 1.8593 (1.6985)	Prec@1 60.938 (64.859)	Prec@5 82.812 (87.040)
Test: [60/782]	Time 1.074 (0.804)	Loss 1.0457 (1.7096)	Prec@1 78.125 (63.986)	Prec@5 98.438 (87.193)
Test: [70/782]	Time 0.743 (0.795)	Loss 0.8387 (1.6747)	Prec@1 87.500 (65.449)	Prec@5 93.750 (87.500)
Test: [80/782]	Time 0.742 (0.791)	Loss 1.4263 (1.6312)	Prec@1 79.688 (66.435)	Prec@5 87.500 (87.635)
Test: [90/782]	Time 0.750 (0.784)	Loss 1.4490 (1.6659)	Prec@1 79.688 (66.312)	Prec@5 93.750 (87.260)
Test: [100/782]	Time 0.754 (0.790)	Loss 1.7795 (1.7000)	Prec@1 68.750 (65.842)	Prec@5 87.500 (87.005)
Test: [110/782]	Time 0.772 (0.785)	Loss 1.1852 (1.6528)	Prec@1 82.812 (67.188)	Prec@5 90.625 (87.430)
Test: [120/782]	Time 0.729 (0.785)	Loss 1.7903 (1.6437)	Prec@1 68.750 (67.497)	Prec@5 85.938 (87.603)
Test: [130/782]	Time 0.725 (0.783)	Loss 2.3890 (1.6719)	Prec@1 31.250 (66.400)	Prec@5 85.938 (87.417)
Test: [140/782]	Time 0.727 (0.782)	Loss 2.3793 (1.6953)	Prec@1 37.500 (65.714)	Prec@5 70.312 (87.312)
Test: [150/782]	Time 0.737 (0.781)	Loss 2.2140 (1.7170)	Prec@1 50.000 (65.087)	Prec@5 85.938 (87.179)
Test: [160/782]	Time 0.739 (0.778)	Loss 1.8107 (1.7218)	Prec@1 59.375 (64.771)	Prec@5 89.062 (87.403)
Test: [170/782]	Time 0.758 (0.779)	Loss 1.0392 (1.7301)	Prec@1 82.812 (64.519)	Prec@5 100.000 (87.454)
Test: [180/782]	Time 0.691 (0.776)	Loss 1.7574 (1.7355)	Prec@1 45.312 (64.416)	Prec@5 90.625 (87.371)
Test: [190/782]	Time 0.738 (0.774)	Loss 1.2962 (1.7415)	Prec@1 76.562 (63.932)	Prec@5 92.188 (87.402)
Test: [200/782]	Time 0.744 (0.773)	Loss 1.8388 (1.7342)	Prec@1 64.062 (64.062)	Prec@5 87.500 (87.601)
Test: [210/782]	Time 0.812 (0.774)	Loss 1.7240 (1.7419)	Prec@1 68.750 (63.818)	Prec@5 89.062 (87.626)
Test: [220/782]	Time 1.049 (0.777)	Loss 2.5390 (1.7452)	Prec@1 31.250 (63.702)	Prec@5 81.250 (87.677)
Test: [230/782]	Time 0.776 (0.778)	Loss 1.2730 (1.7265)	Prec@1 75.000 (64.144)	Prec@5 96.875 (87.933)
Test: [240/782]	Time 0.764 (0.780)	Loss 1.6122 (1.7245)	Prec@1 64.062 (64.225)	Prec@5 90.625 (87.902)
Test: [250/782]	Time 0.731 (0.781)	Loss 1.1079 (1.7327)	Prec@1 75.000 (63.975)	Prec@5 92.188 (87.793)
Test: [260/782]	Time 0.739 (0.782)	Loss 0.6278 (1.7103)	Prec@1 93.750 (64.553)	Prec@5 100.000 (87.985)
Test: [270/782]	Time 0.752 (0.781)	Loss 2.1185 (1.7140)	Prec@1 50.000 (64.616)	Prec@5 89.062 (87.950)
Test: [280/782]	Time 0.836 (0.780)	Loss 2.0703 (1.7134)	Prec@1 54.688 (64.541)	Prec@5 89.062 (88.056)
Test: [290/782]	Time 0.759 (0.778)	Loss 2.1427 (1.7109)	Prec@1 59.375 (64.750)	Prec@5 85.938 (88.107)
Test: [300/782]	Time 0.839 (0.780)	Loss 1.8123 (1.7079)	Prec@1 65.625 (64.758)	Prec@5 87.500 (88.128)
Test: [310/782]	Time 0.733 (0.780)	Loss 1.6897 (1.7037)	Prec@1 68.750 (64.841)	Prec@5 92.188 (88.133)
Test: [320/782]	Time 0.757 (0.780)	Loss 1.6028 (1.7157)	Prec@1 65.625 (64.593)	Prec@5 92.188 (87.982)
Test: [330/782]	Time 0.736 (0.780)	Loss 2.3206 (1.7474)	Prec@1 56.250 (64.067)	Prec@5 76.562 (87.524)
Test: [340/782]	Time 0.721 (0.779)	Loss 2.9715 (1.7653)	Prec@1 21.875 (63.769)	Prec@5 73.438 (87.326)
Test: [350/782]	Time 0.736 (0.778)	Loss 2.2362 (1.7909)	Prec@1 56.250 (63.248)	Prec@5 78.125 (86.952)
Test: [360/782]	Time 0.770 (0.778)	Loss 1.7311 (1.8065)	Prec@1 51.562 (62.972)	Prec@5 93.750 (86.730)
Test: [370/782]	Time 0.813 (0.780)	Loss 2.9640 (1.8306)	Prec@1 31.250 (62.529)	Prec@5 76.562 (86.363)
Test: [380/782]	Time 0.736 (0.779)	Loss 2.3906 (1.8478)	Prec@1 56.250 (62.201)	Prec@5 81.250 (86.093)
Test: [390/782]	Time 0.777 (0.779)	Loss 2.9042 (1.8714)	Prec@1 45.312 (61.797)	Prec@5 62.500 (85.674)
Test: [400/782]	Time 0.659 (0.778)	Loss 3.1062 (1.8957)	Prec@1 39.062 (61.249)	Prec@5 70.312 (85.318)
Test: [410/782]	Time 0.906 (0.779)	Loss 1.8789 (1.9150)	Prec@1 67.188 (60.911)	Prec@5 84.375 (85.014)
Test: [420/782]	Time 0.755 (0.778)	Loss 1.5962 (1.9242)	Prec@1 62.500 (60.845)	Prec@5 89.062 (84.865)
Test: [430/782]	Time 0.597 (0.778)	Loss 2.4814 (1.9375)	Prec@1 57.812 (60.673)	Prec@5 79.688 (84.669)
Test: [440/782]	Time 0.783 (0.779)	Loss 2.0717 (1.9463)	Prec@1 54.688 (60.505)	Prec@5 81.250 (84.478)
Test: [450/782]	Time 0.697 (0.779)	Loss 1.2124 (1.9468)	Prec@1 81.250 (60.601)	Prec@5 89.062 (84.444)
Test: [460/782]	Time 0.734 (0.780)	Loss 3.2978 (1.9611)	Prec@1 34.375 (60.351)	Prec@5 62.500 (84.270)
Test: [470/782]	Time 0.799 (0.781)	Loss 3.4800 (1.9791)	Prec@1 25.000 (60.009)	Prec@5 67.188 (83.990)
Test: [480/782]	Time 0.804 (0.780)	Loss 2.6910 (1.9832)	Prec@1 48.438 (60.060)	Prec@5 71.875 (83.923)
Test: [490/782]	Time 0.697 (0.779)	Loss 2.0058 (1.9995)	Prec@1 54.688 (59.798)	Prec@5 81.250 (83.627)
Test: [500/782]	Time 0.784 (0.779)	Loss 1.3821 (2.0136)	Prec@1 76.562 (59.518)	Prec@5 87.500 (83.421)
Test: [510/782]	Time 0.733 (0.779)	Loss 2.8071 (2.0249)	Prec@1 53.125 (59.360)	Prec@5 71.875 (83.225)
Test: [520/782]	Time 0.939 (0.779)	Loss 2.3884 (2.0353)	Prec@1 53.125 (59.051)	Prec@5 85.938 (83.103)
Test: [530/782]	Time 0.757 (0.778)	Loss 2.4301 (2.0467)	Prec@1 65.625 (58.892)	Prec@5 78.125 (82.933)
Test: [540/782]	Time 0.836 (0.778)	Loss 3.3645 (2.0523)	Prec@1 26.562 (58.786)	Prec@5 60.938 (82.778)
Test: [550/782]	Time 0.705 (0.778)	Loss 2.8726 (2.0593)	Prec@1 42.188 (58.675)	Prec@5 70.312 (82.696)
Test: [560/782]	Time 0.707 (0.778)	Loss 2.1809 (2.0687)	Prec@1 54.688 (58.498)	Prec@5 82.812 (82.592)
Test: [570/782]	Time 0.693 (0.777)	Loss 3.2424 (2.0758)	Prec@1 32.812 (58.365)	Prec@5 59.375 (82.468)
Test: [580/782]	Time 0.683 (0.776)	Loss 2.7378 (2.0851)	Prec@1 39.062 (58.211)	Prec@5 73.438 (82.288)
Test: [590/782]	Time 0.871 (0.775)	Loss 1.2908 (2.0947)	Prec@1 84.375 (58.027)	Prec@5 92.188 (82.128)
Test: [600/782]	Time 0.627 (0.774)	Loss 2.0954 (2.1033)	Prec@1 65.625 (57.922)	Prec@5 78.125 (81.991)
Test: [610/782]	Time 0.620 (0.773)	Loss 1.6997 (2.1101)	Prec@1 67.188 (57.828)	Prec@5 85.938 (81.877)
Test: [620/782]	Time 0.608 (0.771)	Loss 2.7425 (2.1205)	Prec@1 50.000 (57.659)	Prec@5 68.750 (81.698)
Test: [630/782]	Time 0.824 (0.769)	Loss 2.7196 (2.1234)	Prec@1 45.312 (57.659)	Prec@5 71.875 (81.678)
Test: [640/782]	Time 0.630 (0.768)	Loss 2.0168 (2.1320)	Prec@1 68.750 (57.466)	Prec@5 85.938 (81.525)
Test: [650/782]	Time 0.631 (0.766)	Loss 1.5154 (2.1374)	Prec@1 71.875 (57.402)	Prec@5 85.938 (81.449)
Test: [660/782]	Time 0.591 (0.764)	Loss 3.6673 (2.1569)	Prec@1 35.938 (56.997)	Prec@5 56.250 (81.118)
Test: [670/782]	Time 0.682 (0.763)	Loss 2.5193 (2.1583)	Prec@1 53.125 (57.028)	Prec@5 78.125 (81.103)
Test: [680/782]	Time 0.846 (0.762)	Loss 2.1527 (2.1651)	Prec@1 35.938 (56.881)	Prec@5 89.062 (81.032)
Test: [690/782]	Time 0.670 (0.761)	Loss 2.2320 (2.1706)	Prec@1 56.250 (56.790)	Prec@5 82.812 (80.956)
Test: [700/782]	Time 0.698 (0.760)	Loss 2.4205 (2.1782)	Prec@1 56.250 (56.649)	Prec@5 78.125 (80.864)
Test: [710/782]	Time 0.698 (0.760)	Loss 2.3409 (2.1866)	Prec@1 40.625 (56.461)	Prec@5 85.938 (80.742)
Test: [720/782]	Time 0.704 (0.759)	Loss 1.9135 (2.1861)	Prec@1 70.312 (56.504)	Prec@5 89.062 (80.765)
Test: [730/782]	Time 0.716 (0.758)	Loss 1.9126 (2.1857)	Prec@1 54.688 (56.549)	Prec@5 82.812 (80.793)
Test: [740/782]	Time 0.838 (0.758)	Loss 1.5952 (2.1762)	Prec@1 53.125 (56.701)	Prec@5 92.188 (80.951)
Test: [750/782]	Time 0.716 (0.758)	Loss 3.3967 (2.1714)	Prec@1 28.125 (56.793)	Prec@5 62.500 (81.000)
Test: [760/782]	Time 0.733 (0.757)	Loss 1.3356 (2.1768)	Prec@1 71.875 (56.689)	Prec@5 96.875 (80.928)
Test: [770/782]	Time 0.838 (0.757)	Loss 0.2394 (2.1673)	Prec@1 100.000 (56.899)	Prec@5 100.000 (81.062)
Test: [780/782]	Time 0.718 (0.757)	Loss 2.9420 (2.1557)	Prec@1 35.938 (57.120)	Prec@5 68.750 (81.186)
 * Prec@1 57.114 Prec@5 81.176 Loss 2.156 Time 591.572
Building optim loader ...
2026-05-29 19:53:10 - start fisher_dplr guided block reconstruction
BlockRecon: received shared raw_pred_softmaxs.
reconstructing patch_embed ...
initializing raw input and raw output ...
adaround training for patch_embed ...
finished reconstructing patch_embed.
reconstructing blocks.0 ...
initializing raw input and raw output ...
initializing quanted input ...
adaround training for blocks.0 ...
finished reconstructing blocks.0.
reconstructing blocks.1 ...
initializing raw input and raw output ...
initializing quanted input ...
adaround training for blocks.1 ...
finished reconstructing blocks.1.
reconstructing blocks.2 ...
initializing raw input and raw output ...
initializing quanted input ...
adaround training for blocks.2 ...
finished reconstructing blocks.2.
reconstructing blocks.3 ...
initializing raw input and raw output ...
initializing quanted input ...
adaround training for blocks.3 ...
finished reconstructing blocks.3.
reconstructing blocks.4 ...
initializing raw input and raw output ...
initializing quanted input ...
adaround training for blocks.4 ...
finished reconstructing blocks.4.
reconstructing blocks.5 ...
initializing raw input and raw output ...
initializing quanted input ...
adaround training for blocks.5 ...
finished reconstructing blocks.5.
reconstructing blocks.6 ...
initializing raw input and raw output ...
initializing quanted input ...
adaround training for blocks.6 ...
finished reconstructing blocks.6.
reconstructing blocks.7 ...
initializing raw input and raw output ...
initializing quanted input ...
adaround training for blocks.7 ...
finished reconstructing blocks.7.
reconstructing blocks.8 ...
initializing raw input and raw output ...
initializing quanted input ...
adaround training for blocks.8 ...
finished reconstructing blocks.8.
reconstructing blocks.9 ...
initializing raw input and raw output ...
initializing quanted input ...
adaround training for blocks.9 ...
finished reconstructing blocks.9.
reconstructing blocks.10 ...
initializing raw input and raw output ...
initializing quanted input ...
adaround training for blocks.10 ...
finished reconstructing blocks.10.
reconstructing blocks.11 ...
initializing raw input and raw output ...
initializing quanted input ...
adaround training for blocks.11 ...
finished reconstructing blocks.11.
reconstructing head ...
initializing raw input and raw output ...
initializing quanted input ...
adaround training for head ...
finished reconstructing head.
2026-05-29 23:00:18 - fisher_dplr guided block reconstruction finished.
Saving checkpoint to ./checkpoints/quant_result/20260529_1821\deit_tiny_w4_a4_optimsize_1024_fisher_dplr_dis_mode_q_rank_5_recon_qdrop.pth
Validating on calibration set after block reconstruction ...
Test: [0/32]	Time 0.139 (0.139)	Loss 1.9571 (1.9571)	Prec@1 62.500 (62.500)	Prec@5 84.375 (84.375)
Test: [10/32]	Time 0.121 (0.122)	Loss 2.2066 (1.9869)	Prec@1 53.125 (59.659)	Prec@5 87.500 (82.386)
Test: [20/32]	Time 0.120 (0.121)	Loss 2.2580 (1.9238)	Prec@1 53.125 (59.821)	Prec@5 78.125 (83.929)
Test: [30/32]	Time 0.119 (0.121)	Loss 1.7493 (1.8867)	Prec@1 62.500 (60.081)	Prec@5 87.500 (84.980)
 * Prec@1 60.352 Prec@5 85.059 Loss 1.877 Time 3.884
Validating on test set after block reconstruction ...
Test: [0/782]	Time 0.699 (0.699)	Loss 0.9649 (0.9649)	Prec@1 85.938 (85.938)	Prec@5 95.312 (95.312)
Test: [10/782]	Time 0.637 (0.669)	Loss 0.4544 (0.9593)	Prec@1 93.750 (81.108)	Prec@5 98.438 (95.881)
Test: [20/782]	Time 0.859 (0.667)	Loss 1.3116 (0.8888)	Prec@1 67.188 (83.259)	Prec@5 92.188 (95.685)
Test: [30/782]	Time 0.611 (0.665)	Loss 1.2591 (1.0897)	Prec@1 76.562 (77.974)	Prec@5 93.750 (93.296)
Test: [40/782]	Time 0.619 (0.658)	Loss 0.9591 (1.1558)	Prec@1 84.375 (75.877)	Prec@5 95.312 (92.492)
Test: [50/782]	Time 0.606 (0.656)	Loss 1.5762 (1.2474)	Prec@1 62.500 (73.100)	Prec@5 89.062 (91.605)
Test: [60/782]	Time 0.878 (0.660)	Loss 1.3084 (1.2656)	Prec@1 71.875 (71.952)	Prec@5 93.750 (91.470)
Test: [70/782]	Time 0.645 (0.654)	Loss 0.6840 (1.2250)	Prec@1 92.188 (73.592)	Prec@5 95.312 (91.703)
Test: [80/782]	Time 0.687 (0.658)	Loss 0.8868 (1.1792)	Prec@1 89.062 (74.904)	Prec@5 92.188 (92.033)
Test: [90/782]	Time 0.677 (0.659)	Loss 0.8834 (1.1817)	Prec@1 73.438 (75.034)	Prec@5 96.875 (91.964)
Test: [100/782]	Time 0.687 (0.669)	Loss 1.0911 (1.2074)	Prec@1 79.688 (74.459)	Prec@5 92.188 (91.584)
Test: [110/782]	Time 0.690 (0.671)	Loss 0.8844 (1.1716)	Prec@1 82.812 (75.408)	Prec@5 93.750 (91.990)
Test: [120/782]	Time 0.638 (0.672)	Loss 1.2289 (1.1573)	Prec@1 75.000 (75.891)	Prec@5 92.188 (92.213)
Test: [130/782]	Time 0.657 (0.672)	Loss 2.2135 (1.1801)	Prec@1 25.000 (74.928)	Prec@5 87.500 (92.164)
Test: [140/782]	Time 0.665 (0.674)	Loss 1.5315 (1.1983)	Prec@1 56.250 (74.269)	Prec@5 92.188 (92.110)
Test: [150/782]	Time 0.670 (0.675)	Loss 1.6017 (1.2222)	Prec@1 68.750 (73.624)	Prec@5 90.625 (91.898)
Test: [160/782]	Time 0.598 (0.672)	Loss 1.3647 (1.2315)	Prec@1 68.750 (73.088)	Prec@5 89.062 (92.013)
Test: [170/782]	Time 0.698 (0.672)	Loss 0.6701 (1.2248)	Prec@1 92.188 (73.364)	Prec@5 98.438 (92.124)
Test: [180/782]	Time 0.693 (0.673)	Loss 1.4115 (1.2350)	Prec@1 57.812 (73.118)	Prec@5 92.188 (92.041)
Test: [190/782]	Time 0.691 (0.674)	Loss 0.8891 (1.2377)	Prec@1 85.938 (72.889)	Prec@5 96.875 (92.163)
Test: [200/782]	Time 0.668 (0.673)	Loss 1.4563 (1.2326)	Prec@1 67.188 (72.870)	Prec@5 89.062 (92.265)
Test: [210/782]	Time 0.737 (0.675)	Loss 1.5958 (1.2330)	Prec@1 68.750 (72.764)	Prec@5 87.500 (92.321)
Test: [220/782]	Time 0.949 (0.679)	Loss 1.9923 (1.2408)	Prec@1 31.250 (72.483)	Prec@5 92.188 (92.329)
Test: [230/782]	Time 0.747 (0.682)	Loss 0.9953 (1.2321)	Prec@1 79.688 (72.829)	Prec@5 96.875 (92.424)
Test: [240/782]	Time 0.697 (0.684)	Loss 1.1152 (1.2317)	Prec@1 68.750 (72.932)	Prec@5 95.312 (92.460)
Test: [250/782]	Time 0.647 (0.686)	Loss 0.7107 (1.2366)	Prec@1 78.125 (72.697)	Prec@5 100.000 (92.430)
Test: [260/782]	Time 0.689 (0.688)	Loss 0.4383 (1.2215)	Prec@1 93.750 (73.180)	Prec@5 100.000 (92.541)
Test: [270/782]	Time 0.675 (0.688)	Loss 1.5003 (1.2202)	Prec@1 60.938 (73.299)	Prec@5 90.625 (92.505)
Test: [280/782]	Time 0.805 (0.688)	Loss 1.5732 (1.2179)	Prec@1 57.812 (73.304)	Prec@5 92.188 (92.610)
Test: [290/782]	Time 0.729 (0.688)	Loss 1.5688 (1.2170)	Prec@1 64.062 (73.480)	Prec@5 90.625 (92.617)
Test: [300/782]	Time 0.791 (0.692)	Loss 1.1728 (1.2206)	Prec@1 75.000 (73.365)	Prec@5 92.188 (92.561)
Test: [310/782]	Time 0.689 (0.693)	Loss 0.9873 (1.2208)	Prec@1 84.375 (73.322)	Prec@5 95.312 (92.524)
Test: [320/782]	Time 0.659 (0.693)	Loss 1.0625 (1.2275)	Prec@1 76.562 (73.126)	Prec@5 98.438 (92.475)
Test: [330/782]	Time 0.615 (0.693)	Loss 1.5834 (1.2480)	Prec@1 64.062 (72.720)	Prec@5 87.500 (92.211)
Test: [340/782]	Time 0.577 (0.691)	Loss 2.1207 (1.2609)	Prec@1 42.188 (72.452)	Prec@5 85.938 (92.050)
Test: [350/782]	Time 0.613 (0.689)	Loss 1.2896 (1.2763)	Prec@1 71.875 (72.058)	Prec@5 92.188 (91.867)
Test: [360/782]	Time 0.591 (0.688)	Loss 1.6707 (1.2899)	Prec@1 46.875 (71.702)	Prec@5 89.062 (91.694)
Test: [370/782]	Time 0.644 (0.687)	Loss 1.8865 (1.3052)	Prec@1 59.375 (71.408)	Prec@5 87.500 (91.429)
Test: [380/782]	Time 0.575 (0.685)	Loss 1.2525 (1.3182)	Prec@1 81.250 (71.088)	Prec@5 93.750 (91.277)
Test: [390/782]	Time 0.697 (0.683)	Loss 2.4656 (1.3402)	Prec@1 48.438 (70.624)	Prec@5 68.750 (90.981)
Test: [400/782]	Time 0.538 (0.683)	Loss 1.2652 (1.3556)	Prec@1 70.312 (70.238)	Prec@5 93.750 (90.789)
Test: [410/782]	Time 0.700 (0.682)	Loss 1.5556 (1.3655)	Prec@1 67.188 (69.989)	Prec@5 84.375 (90.655)
Test: [420/782]	Time 0.591 (0.680)	Loss 1.0082 (1.3707)	Prec@1 78.125 (69.897)	Prec@5 95.312 (90.599)
Test: [430/782]	Time 0.512 (0.679)	Loss 1.2228 (1.3784)	Prec@1 73.438 (69.732)	Prec@5 93.750 (90.465)
Test: [440/782]	Time 0.715 (0.680)	Loss 1.2039 (1.3815)	Prec@1 73.438 (69.707)	Prec@5 92.188 (90.359)
Test: [450/782]	Time 0.726 (0.681)	Loss 0.8499 (1.3796)	Prec@1 87.500 (69.810)	Prec@5 93.750 (90.362)
Test: [460/782]	Time 0.635 (0.683)	Loss 2.4310 (1.3911)	Prec@1 51.562 (69.594)	Prec@5 70.312 (90.195)
Test: [470/782]	Time 0.668 (0.683)	Loss 2.0819 (1.4037)	Prec@1 54.688 (69.337)	Prec@5 87.500 (90.038)
Test: [480/782]	Time 0.664 (0.682)	Loss 1.7903 (1.4019)	Prec@1 62.500 (69.474)	Prec@5 78.125 (90.014)
Test: [490/782]	Time 0.595 (0.680)	Loss 0.9370 (1.4136)	Prec@1 78.125 (69.186)	Prec@5 93.750 (89.826)
Test: [500/782]	Time 0.670 (0.679)	Loss 0.9703 (1.4247)	Prec@1 90.625 (68.925)	Prec@5 92.188 (89.677)
Test: [510/782]	Time 0.580 (0.678)	Loss 1.9464 (1.4337)	Prec@1 62.500 (68.762)	Prec@5 82.812 (89.527)
Test: [520/782]	Time 0.757 (0.677)	Loss 1.6671 (1.4414)	Prec@1 59.375 (68.438)	Prec@5 85.938 (89.485)
Test: [530/782]	Time 0.599 (0.676)	Loss 1.5961 (1.4479)	Prec@1 76.562 (68.353)	Prec@5 85.938 (89.383)
Test: [540/782]	Time 0.685 (0.675)	Loss 2.6580 (1.4530)	Prec@1 45.312 (68.265)	Prec@5 67.188 (89.259)
Test: [550/782]	Time 0.597 (0.674)	Loss 1.7799 (1.4569)	Prec@1 64.062 (68.225)	Prec@5 84.375 (89.199)
Test: [560/782]	Time 0.587 (0.673)	Loss 1.5992 (1.4647)	Prec@1 62.500 (68.059)	Prec@5 92.188 (89.143)
Test: [570/782]	Time 0.622 (0.672)	Loss 1.9273 (1.4679)	Prec@1 57.812 (68.039)	Prec@5 81.250 (89.073)
Test: [580/782]	Time 0.580 (0.671)	Loss 2.2176 (1.4756)	Prec@1 35.938 (67.873)	Prec@5 81.250 (88.958)
Test: [590/782]	Time 0.716 (0.670)	Loss 0.8888 (1.4807)	Prec@1 84.375 (67.745)	Prec@5 96.875 (88.885)
Test: [600/782]	Time 0.600 (0.669)	Loss 1.3421 (1.4863)	Prec@1 76.562 (67.679)	Prec@5 87.500 (88.795)
Test: [610/782]	Time 0.575 (0.669)	Loss 0.8294 (1.4905)	Prec@1 82.812 (67.632)	Prec@5 96.875 (88.694)
Test: [620/782]	Time 0.569 (0.668)	Loss 2.2826 (1.4973)	Prec@1 62.500 (67.515)	Prec@5 78.125 (88.595)
Test: [630/782]	Time 0.751 (0.667)	Loss 2.0577 (1.4992)	Prec@1 64.062 (67.534)	Prec@5 82.812 (88.557)
Test: [640/782]	Time 0.585 (0.667)	Loss 1.4674 (1.5053)	Prec@1 75.000 (67.346)	Prec@5 84.375 (88.502)
Test: [650/782]	Time 0.588 (0.666)	Loss 1.1414 (1.5092)	Prec@1 79.688 (67.243)	Prec@5 87.500 (88.438)
Test: [660/782]	Time 0.553 (0.665)	Loss 2.7178 (1.5226)	Prec@1 50.000 (66.951)	Prec@5 71.875 (88.242)
Test: [670/782]	Time 0.608 (0.664)	Loss 1.6908 (1.5247)	Prec@1 70.312 (66.924)	Prec@5 82.812 (88.217)
Test: [680/782]	Time 0.750 (0.664)	Loss 1.0676 (1.5289)	Prec@1 75.000 (66.832)	Prec@5 96.875 (88.170)
Test: [690/782]	Time 0.587 (0.663)	Loss 2.0442 (1.5310)	Prec@1 57.812 (66.751)	Prec@5 75.000 (88.135)
Test: [700/782]	Time 0.626 (0.662)	Loss 1.4969 (1.5353)	Prec@1 71.875 (66.693)	Prec@5 84.375 (88.075)
Test: [710/782]	Time 0.637 (0.662)	Loss 2.3846 (1.5441)	Prec@1 35.938 (66.478)	Prec@5 79.688 (87.964)
Test: [720/782]	Time 0.600 (0.661)	Loss 1.4678 (1.5430)	Prec@1 73.438 (66.537)	Prec@5 92.188 (87.994)
Test: [730/782]	Time 0.625 (0.660)	Loss 1.6470 (1.5423)	Prec@1 64.062 (66.533)	Prec@5 85.938 (88.028)
Test: [740/782]	Time 0.706 (0.660)	Loss 1.3086 (1.5364)	Prec@1 57.812 (66.646)	Prec@5 98.438 (88.112)
Test: [750/782]	Time 0.596 (0.659)	Loss 2.4743 (1.5311)	Prec@1 50.000 (66.794)	Prec@5 71.875 (88.170)
Test: [760/782]	Time 0.616 (0.659)	Loss 1.4781 (1.5357)	Prec@1 62.500 (66.695)	Prec@5 93.750 (88.120)
Test: [770/782]	Time 0.711 (0.658)	Loss 0.2368 (1.5318)	Prec@1 100.000 (66.790)	Prec@5 100.000 (88.171)
Test: [780/782]	Time 0.612 (0.658)	Loss 2.0917 (1.5242)	Prec@1 35.938 (66.941)	Prec@5 82.812 (88.250)
 * Prec@1 66.932 Prec@5 88.246 Loss 1.525 Time 514.308
2026-05-29 23:08:57 - finished the process.
